<?xml version="1.0" encoding="UTF-8"?>
<!-- Generated by org.testng.reporters.JUnitReportReporter -->
<testsuite skipped="0" hostname="localhost.localdomain" name="automationFramework.Framework_001" tests="1" failures="0" timestamp="22 Feb 2018 04:18:34 GMT" time="10.334" errors="0">
  <testcase name="main" time="10.334" classname="automationFramework.Framework_001"/>
</testsuite> <!-- automationFramework.Framework_001 -->
