<?xml version="1.0" encoding="UTF-8"?>
<!-- Generated by org.testng.reporters.JUnitReportReporter -->
<testsuite skipped="0" hostname="localhost.localdomain" name="automationFramework.Framework_001" tests="8" failures="0" timestamp="23 Feb 2018 12:07:23 GMT" time="19.408" errors="0">
  <testcase name="main" time="7.734" classname="automationFramework.Framework_001"/>
  <testcase name="addressFieldFirstCharSpaceCheck" time="1.164" classname="automationFramework.Framework_001"/>
  <testcase name="clickNewCustomer" time="4.940" classname="automationFramework.Framework_001"/>
  <testcase name="addressFieldEmptyCheck" time="1.169" classname="automationFramework.Framework_001"/>
  <testcase name="nameFieldNumericCheck" time="1.106" classname="automationFramework.Framework_001"/>
  <testcase name="nameFieldSpecialCharacterCheck" time="1.107" classname="automationFramework.Framework_001"/>
  <testcase name="nameFieldEmptyCheck" time="1.083" classname="automationFramework.Framework_001"/>
  <testcase name="nameFieldFirstCharSpaceCheck" time="1.105" classname="automationFramework.Framework_001"/>
</testsuite> <!-- automationFramework.Framework_001 -->
