<?xml version="1.0" encoding="UTF-8"?>
<!-- Generated by org.testng.reporters.JUnitReportReporter -->
<testsuite skipped="0" hostname="localhost.localdomain" name="automationFramework.Framework_002" tests="1" failures="0" timestamp="22 Feb 2018 09:39:10 GMT" time="10.902" errors="0">
  <testcase name="main" time="10.902" classname="automationFramework.Framework_002"/>
</testsuite> <!-- automationFramework.Framework_002 -->
